<?xml version="1.0" encoding="UTF-8"?>
<testsuite name="com.infra.web.integrationtest.FileServiceAppStartTest" tests="1" skipped="1" failures="0" errors="0" timestamp="2020-07-05T14:18:15" hostname="LAPTOP-5D209DFN" time="0.0">
  <properties/>
  <testcase name="testPropOverride" classname="com.infra.web.integrationtest.FileServiceAppStartTest" time="0.0">
    <skipped/>
  </testcase>
  <system-out><![CDATA[]]></system-out>
  <system-err><![CDATA[]]></system-err>
</testsuite>
