<?xml version="1.0" encoding="UTF-8"?>
<testsuite name="com.infra.web.application.junit.FileManagerTest" tests="2" skipped="0" failures="0" errors="0" timestamp="2020-07-05T14:18:14" hostname="LAPTOP-5D209DFN" time="0.915">
  <properties/>
  <testcase name="testGetFileDetails_WhenFilenameProvided_ThenGetAllFileAttributes" classname="com.infra.web.application.junit.FileManagerTest" time="0.913"/>
  <testcase name="testDummyInMemoryFileCreation" classname="com.infra.web.application.junit.FileManagerTest" time="0.001"/>
  <system-out><![CDATA[19:48:15.594 [Test worker] DEBUG com.infra.application.file.FileManagerImpl - Fetching details for file - C:\temp\regularFile.txt
19:48:15.608 [Test worker] DEBUG com.infra.application.file.FileManagerImpl - Details fetched for file:'C:\temp\regularFile.txt' are: FileAttributes(name=regularFile.txt, path=C:\temp\regularFile.txt, size=27, fileType=regular-file, accessTime=2020-07-05T14:18:14.684Z, creationTime=2020-07-05T14:18:14.684Z, lastModifiedTime=2020-07-05T14:18:14.684Z)
]]></system-out>
  <system-err><![CDATA[]]></system-err>
</testsuite>
