<?xml version="1.0" encoding="UTF-8"?>
<testsuite name="com.infra.web.application.junit.FileManagerValidationTest" tests="2" skipped="0" failures="0" errors="0" timestamp="2020-07-05T14:18:15" hostname="LAPTOP-5D209DFN" time="0.005">
  <properties/>
  <testcase name="testHandleValidation_WhenFileNameBlank_ThenThrowInvalidFileException" classname="com.infra.web.application.junit.FileManagerValidationTest" time="0.004"/>
  <testcase name="testHandleValidation_WhenFileNameNull_ThenThrowInvalidFileException" classname="com.infra.web.application.junit.FileManagerValidationTest" time="0.001"/>
  <system-out><![CDATA[19:48:15.621 [Test worker] DEBUG com.infra.application.file.FileManagerImpl - Checking if file exists or not: ''
19:48:15.624 [Test worker] ERROR com.infra.application.file.FileManagerImpl - Filename provided is empty, can't do anything!
19:48:15.625 [Test worker] DEBUG com.infra.application.file.FileManagerImpl - Checking if file exists or not: 'null'
19:48:15.625 [Test worker] ERROR com.infra.application.file.FileManagerImpl - Filename provided is empty, can't do anything!
]]></system-out>
  <system-err><![CDATA[]]></system-err>
</testsuite>
